<?xml version="1.0" encoding="UTF-8"?><testsuite name="Chrome_280150095_Windows.dom test" errors="2" failures="0" tests="2" time="0.033">
<testcase classname="Chrome_280150095_Windows.dom test" name="testButtonClick" time="0.022">
<error type="error">[{"message":"Illegal return statement","name":"SyntaxError","stack":"SyntaxError: Illegal return statement\n    at eval (eval at &lt;anonymous&gt; (http://localhost:4224/test/src/main/webapp/resources/js/lib/jquery-1.10.2.js:612:22), &lt;anonymous&gt;:6:3)\n    at eval (native)\n    at http://localhost:4224/test/src/main/webapp/resources/js/lib/jquery-1.10.2.js:612:22\n    at Function.jQuery.extend.globalEval (http://localhost:4224/test/src/main/webapp/resources/js/lib/jquery-1.10.2.js:613:7)\n    at jQuery.fn.extend.domManip (http://localhost:4224/test/src/main/webapp/resources/js/lib/jquery-1.10.2.js:6281:16)\n    at jQuery.fn.extend.append (http://localhost:4224/test/src/main/webapp/resources/js/lib/jquery-1.10.2.js:6047:15)\n    at Object.TestUtils.refreshFixture (http://localhost:4224/test/src/test/webapp/resources/js/util/test-util.js:26:13)\n    at Object.TestCase.setUp (http://localhost:4224/test/src/test/webapp/resources/js/src/jstd-test.js:16:13)\n    at jstestdriver.plugins.TestRunnerPlugin.runTest (http://localhost:4224/static/runner.js:5396:26)\n    at bound (http://localhost:4224/static/jstestdrivernamespace.js:71:17)"}]</error>
</testcase>
<testcase classname="Chrome_280150095_Windows.dom test" name="testButtonClick2" time="0.011">
<error type="error">[{"message":"Illegal return statement","name":"SyntaxError","stack":"SyntaxError: Illegal return statement\n    at eval (eval at &lt;anonymous&gt; (http://localhost:4224/test/src/main/webapp/resources/js/lib/jquery-1.10.2.js:612:22), &lt;anonymous&gt;:6:3)\n    at eval (native)\n    at http://localhost:4224/test/src/main/webapp/resources/js/lib/jquery-1.10.2.js:612:22\n    at Function.jQuery.extend.globalEval (http://localhost:4224/test/src/main/webapp/resources/js/lib/jquery-1.10.2.js:613:7)\n    at jQuery.fn.extend.domManip (http://localhost:4224/test/src/main/webapp/resources/js/lib/jquery-1.10.2.js:6281:16)\n    at jQuery.fn.extend.append (http://localhost:4224/test/src/main/webapp/resources/js/lib/jquery-1.10.2.js:6047:15)\n    at Object.TestUtils.refreshFixture (http://localhost:4224/test/src/test/webapp/resources/js/util/test-util.js:26:13)\n    at Object.TestCase.setUp (http://localhost:4224/test/src/test/webapp/resources/js/src/jstd-test.js:16:13)\n    at jstestdriver.plugins.TestRunnerPlugin.runTest (http://localhost:4224/static/runner.js:5396:26)\n    at bound (http://localhost:4224/static/jstestdrivernamespace.js:71:17)"}]</error>
</testcase>
</testsuite>
